[2016-04-03 16:06:43,167](INFO)hotMedia : 进入get_hot_media
[2016-04-03 16:06:43,181](INFO)hotMedia : 远程调用get_hot_media成功
[2016-04-03 16:06:43,183](INFO)hotMedia : 退出get_hot_media
[2016-04-03 16:06:43,183](INFO)mediaList : 进入get_media_list
[2016-04-03 16:06:43,191](INFO)mediaList : 远程调用get_media_list成功
[2016-04-03 16:06:43,191](INFO)mediaList : 退出get_media_list
[2016-04-03 16:06:43,193](INFO)homeHandler : None
[2016-04-03 16:06:43,193](INFO)homeHandler : 退出homeHandler,渲染hone.html完成
[2016-04-03 16:07:00,555](INFO)registerHandler : 进入registerHandler
[2016-04-03 16:07:00,555](INFO)registerMedia : 进入judge_register_result
[2016-04-03 16:07:01,105](INFO)registerMedia : 远程调用register_media成功
[2016-04-03 16:07:01,105](INFO)registerMedia : 退出judge_register_result
[2016-04-03 16:07:01,105](INFO)registerHandler : 3
[2016-04-03 16:07:01,105](INFO)registerHandler : 111111
[2016-04-03 16:07:01,107](INFO)registerHandler : 退出registerHandler
[2016-04-03 16:07:01,130](INFO)hotMedia : 进入get_hot_media
[2016-04-03 16:07:01,137](INFO)hotMedia : 远程调用get_hot_media成功
[2016-04-03 16:07:01,137](INFO)hotMedia : 退出get_hot_media
[2016-04-03 16:07:01,138](INFO)mediaList : 进入get_media_list
[2016-04-03 16:07:01,148](INFO)mediaList : 远程调用get_media_list成功
[2016-04-03 16:07:01,148](INFO)mediaList : 退出get_media_list
[2016-04-03 16:07:01,148](INFO)homeHandler : 3
[2016-04-03 16:07:01,148](INFO)homeHandler : 退出homeHandler,渲染hone.html完成
[2016-04-03 16:14:54,565](INFO)hotMedia : 进入get_hot_media
[2016-04-03 16:14:54,586](INFO)hotMedia : 远程调用get_hot_media成功
[2016-04-03 16:14:54,586](INFO)hotMedia : 退出get_hot_media
[2016-04-03 16:14:54,586](INFO)mediaList : 进入get_media_list
[2016-04-03 16:14:54,596](INFO)mediaList : 远程调用get_media_list成功
[2016-04-03 16:14:54,596](INFO)mediaList : 退出get_media_list
[2016-04-03 16:14:54,596](INFO)homeHandler : None
[2016-04-03 16:14:54,596](INFO)homeHandler : 退出homeHandler,渲染hone.html完成
[2016-04-03 16:14:58,898](INFO)contentHandler : 进入contentHandler
[2016-04-03 16:14:58,898](INFO)mediaContent : 进入get_media_content
[2016-04-03 16:14:59,161](INFO)mediaContent : 远程调用get_media_content成功
[2016-04-03 16:14:59,161](INFO)mediaContent : 退出get_media_content
[2016-04-03 16:14:59,161](INFO)contentHandler : 退出contentHandler,渲染media/content.html页面完成
[2016-04-03 16:15:04,595](INFO)hotMedia : 进入get_hot_media
[2016-04-03 16:15:04,605](INFO)hotMedia : 远程调用get_hot_media成功
[2016-04-03 16:15:04,605](INFO)hotMedia : 退出get_hot_media
[2016-04-03 16:15:04,605](INFO)mediaList : 进入get_media_list
[2016-04-03 16:15:04,615](INFO)mediaList : 远程调用get_media_list成功
[2016-04-03 16:15:04,615](INFO)mediaList : 退出get_media_list
[2016-04-03 16:15:04,615](INFO)homeHandler : None
[2016-04-03 16:15:04,615](INFO)homeHandler : 退出homeHandler,渲染hone.html完成
[2016-04-03 16:15:46,489](INFO)hotMedia : 进入get_hot_media
[2016-04-03 16:15:46,502](INFO)hotMedia : 远程调用get_hot_media成功
[2016-04-03 16:15:46,502](INFO)hotMedia : 退出get_hot_media
[2016-04-03 16:15:46,502](INFO)mediaList : 进入get_media_list
[2016-04-03 16:15:46,507](INFO)mediaList : 远程调用get_media_list成功
[2016-04-03 16:15:46,507](INFO)mediaList : 退出get_media_list
[2016-04-03 16:15:46,507](INFO)homeHandler : None
[2016-04-03 16:15:46,507](INFO)homeHandler : 退出homeHandler,渲染hone.html完成
[2016-04-03 16:15:53,690](INFO)contentHandler : 进入contentHandler
[2016-04-03 16:15:53,690](INFO)mediaContent : 进入get_media_content
[2016-04-03 16:15:53,782](INFO)mediaContent : 远程调用get_media_content成功
[2016-04-03 16:15:53,782](INFO)mediaContent : 退出get_media_content
[2016-04-03 16:15:53,782](INFO)contentHandler : 退出contentHandler,渲染media/content.html页面完成
[2016-04-03 16:15:54,875](INFO)hotMedia : 进入get_hot_media
[2016-04-03 16:15:54,884](INFO)hotMedia : 远程调用get_hot_media成功
[2016-04-03 16:15:54,884](INFO)hotMedia : 退出get_hot_media
[2016-04-03 16:15:54,884](INFO)mediaList : 进入get_media_list
[2016-04-03 16:15:54,894](INFO)mediaList : 远程调用get_media_list成功
[2016-04-03 16:15:54,894](INFO)mediaList : 退出get_media_list
[2016-04-03 16:15:54,894](INFO)homeHandler : None
[2016-04-03 16:15:54,894](INFO)homeHandler : 退出homeHandler,渲染hone.html完成
[2016-04-03 16:16:57,029](INFO)hotMedia : 进入get_hot_media
[2016-04-03 16:16:57,045](INFO)hotMedia : 远程调用get_hot_media成功
[2016-04-03 16:16:57,045](INFO)hotMedia : 退出get_hot_media
[2016-04-03 16:16:57,046](INFO)mediaList : 进入get_media_list
[2016-04-03 16:16:57,052](INFO)mediaList : 远程调用get_media_list成功
[2016-04-03 16:16:57,052](INFO)mediaList : 退出get_media_list
[2016-04-03 16:16:57,052](INFO)homeHandler : None
[2016-04-03 16:16:57,052](INFO)homeHandler : 退出homeHandler,渲染hone.html完成
[2016-04-03 16:18:13,884](INFO)hotMedia : 进入get_hot_media
[2016-04-03 16:18:13,904](INFO)hotMedia : 远程调用get_hot_media成功
[2016-04-03 16:18:13,904](INFO)hotMedia : 退出get_hot_media
[2016-04-03 16:18:13,904](INFO)mediaList : 进入get_media_list
[2016-04-03 16:18:13,911](INFO)mediaList : 远程调用get_media_list成功
[2016-04-03 16:18:13,911](INFO)mediaList : 退出get_media_list
[2016-04-03 16:18:13,911](INFO)homeHandler : None
[2016-04-03 16:18:13,911](INFO)homeHandler : 退出homeHandler,渲染hone.html完成
[2016-04-03 16:18:37,882](INFO)hotMedia : 进入get_hot_media
[2016-04-03 16:18:37,901](INFO)hotMedia : 远程调用get_hot_media成功
[2016-04-03 16:18:37,901](INFO)hotMedia : 退出get_hot_media
[2016-04-03 16:18:37,901](INFO)mediaList : 进入get_media_list
[2016-04-03 16:18:37,907](INFO)mediaList : 远程调用get_media_list成功
[2016-04-03 16:18:37,907](INFO)mediaList : 退出get_media_list
[2016-04-03 16:18:37,907](INFO)homeHandler : None
[2016-04-03 16:18:37,907](INFO)homeHandler : 退出homeHandler,渲染hone.html完成
[2016-04-03 16:18:47,414](INFO)hotMedia : 进入get_hot_media
[2016-04-03 16:18:47,424](INFO)hotMedia : 远程调用get_hot_media成功
[2016-04-03 16:18:47,424](INFO)hotMedia : 退出get_hot_media
[2016-04-03 16:18:47,424](INFO)mediaList : 进入get_media_list
[2016-04-03 16:18:47,434](INFO)mediaList : 远程调用get_media_list成功
[2016-04-03 16:18:47,436](INFO)mediaList : 退出get_media_list
[2016-04-03 16:18:47,436](INFO)homeHandler : None
[2016-04-03 16:18:47,436](INFO)homeHandler : 退出homeHandler,渲染hone.html完成
[2016-04-03 16:18:51,408](INFO)hotMedia : 进入get_hot_media
[2016-04-03 16:18:51,427](INFO)hotMedia : 远程调用get_hot_media成功
[2016-04-03 16:18:51,427](INFO)hotMedia : 退出get_hot_media
[2016-04-03 16:18:51,427](INFO)mediaList : 进入get_media_list
[2016-04-03 16:18:51,440](INFO)mediaList : 远程调用get_media_list成功
[2016-04-03 16:18:51,440](INFO)mediaList : 退出get_media_list
[2016-04-03 16:18:51,441](INFO)homeHandler : None
[2016-04-03 16:18:51,441](INFO)homeHandler : 退出homeHandler,渲染hone.html完成
[2016-04-03 16:19:03,933](INFO)loginHandler : 进入loginHandler
[2016-04-03 16:19:03,933](INFO)loginMedia : 进入judge_login_result
[2016-04-03 16:19:03,946](INFO)loginMedia : 远程调用login_media成功
[2016-04-03 16:19:03,946](INFO)loginMedia : 退出judge_login_result
[2016-04-03 16:19:03,946](INFO)loginHandler : 2
[2016-04-03 16:19:03,946](INFO)loginHandler : admin
[2016-04-03 16:19:03,946](INFO)loginHandler : 退出loginHandler
[2016-04-03 16:19:03,959](INFO)hotMedia : 进入get_hot_media
[2016-04-03 16:19:03,966](INFO)hotMedia : 远程调用get_hot_media成功
[2016-04-03 16:19:03,966](INFO)hotMedia : 退出get_hot_media
[2016-04-03 16:19:03,966](INFO)mediaList : 进入get_media_list
[2016-04-03 16:19:03,976](INFO)mediaList : 远程调用get_media_list成功
[2016-04-03 16:19:03,977](INFO)mediaList : 退出get_media_list
[2016-04-03 16:19:03,977](INFO)homeHandler : 2
[2016-04-03 16:19:03,977](INFO)homeHandler : 退出homeHandler,渲染hone.html完成
[2016-04-03 16:19:06,144](INFO)contentHandler : 进入contentHandler
[2016-04-03 16:19:06,145](INFO)mediaContent : 进入get_media_content
[2016-04-03 16:19:06,272](INFO)mediaContent : 远程调用get_media_content成功
[2016-04-03 16:19:06,273](INFO)mediaContent : 退出get_media_content
[2016-04-03 16:19:06,273](INFO)contentHandler : 退出contentHandler,渲染media/content.html页面完成
[2016-04-06 09:04:28,844](INFO)hotMedia : 进入get_hot_media
[2016-04-06 09:04:29,512](INFO)hotMedia : 远程调用get_hot_media成功
[2016-04-06 09:04:29,512](INFO)hotMedia : 退出get_hot_media
[2016-04-06 09:04:29,513](INFO)mediaList : 进入get_media_list
[2016-04-06 09:04:29,529](INFO)mediaList : 远程调用get_media_list成功
[2016-04-06 09:04:29,529](INFO)mediaList : 退出get_media_list
[2016-04-06 09:04:29,529](INFO)homeHandler : None
[2016-04-06 09:04:29,529](INFO)homeHandler : 退出homeHandler,渲染hone.html完成
[2016-04-06 09:04:43,513](INFO)hotMedia : 进入get_hot_media
[2016-04-06 09:04:43,530](INFO)hotMedia : 远程调用get_hot_media成功
[2016-04-06 09:04:43,530](INFO)hotMedia : 退出get_hot_media
[2016-04-06 09:04:43,530](INFO)mediaList : 进入get_media_list
[2016-04-06 09:04:43,536](INFO)mediaList : 远程调用get_media_list成功
[2016-04-06 09:04:43,536](INFO)mediaList : 退出get_media_list
[2016-04-06 09:04:43,536](INFO)homeHandler : None
[2016-04-06 09:04:43,536](INFO)homeHandler : 退出homeHandler,渲染hone.html完成
[2016-04-06 09:06:30,650](INFO)hotMedia : 进入get_hot_media
[2016-04-06 09:06:30,665](INFO)hotMedia : 远程调用get_hot_media成功
[2016-04-06 09:06:30,665](INFO)hotMedia : 退出get_hot_media
[2016-04-06 09:06:30,665](INFO)mediaList : 进入get_media_list
[2016-04-06 09:06:30,674](INFO)mediaList : 远程调用get_media_list成功
[2016-04-06 09:06:30,674](INFO)mediaList : 退出get_media_list
[2016-04-06 09:06:30,674](INFO)homeHandler : None
[2016-04-06 09:06:30,674](INFO)homeHandler : 退出homeHandler,渲染hone.html完成
[2016-04-06 09:11:37,438](INFO)hotMedia : 进入get_hot_media
[2016-04-06 09:11:37,477](INFO)hotMedia : 远程调用get_hot_media成功
[2016-04-06 09:11:37,477](INFO)hotMedia : 退出get_hot_media
[2016-04-06 09:11:37,477](INFO)mediaList : 进入get_media_list
[2016-04-06 09:11:37,497](INFO)mediaList : 远程调用get_media_list成功
[2016-04-06 09:11:37,497](INFO)mediaList : 退出get_media_list
[2016-04-06 09:11:37,497](INFO)homeHandler : None
[2016-04-06 09:11:37,497](INFO)homeHandler : 退出homeHandler,渲染hone.html完成
[2016-04-06 09:18:39,644](INFO)hotMedia : 进入get_hot_media
[2016-04-06 09:18:39,674](INFO)hotMedia : 远程调用get_hot_media成功
[2016-04-06 09:18:39,674](INFO)hotMedia : 退出get_hot_media
[2016-04-06 09:18:39,674](INFO)mediaList : 进入get_media_list
[2016-04-06 09:18:39,680](INFO)mediaList : 远程调用get_media_list成功
[2016-04-06 09:18:39,681](INFO)mediaList : 退出get_media_list
[2016-04-06 09:18:39,681](INFO)homeHandler : None
[2016-04-06 09:18:39,681](INFO)homeHandler : 退出homeHandler,渲染hone.html完成
[2016-04-06 09:37:15,851](INFO)hotMedia : 进入get_hot_media
[2016-04-06 09:37:15,904](INFO)hotMedia : 远程调用get_hot_media成功
[2016-04-06 09:37:15,904](INFO)hotMedia : 退出get_hot_media
[2016-04-06 09:37:15,904](INFO)mediaList : 进入get_media_list
[2016-04-06 09:37:15,923](INFO)mediaList : 远程调用get_media_list成功
[2016-04-06 09:37:15,923](INFO)mediaList : 退出get_media_list
[2016-04-06 09:37:15,924](INFO)homeHandler : None
[2016-04-06 09:37:15,924](INFO)homeHandler : 退出homeHandler,渲染hone.html完成
[2016-04-06 09:37:37,440](INFO)loginHandler : 进入loginHandler
[2016-04-06 09:37:37,440](INFO)loginMedia : 进入judge_login_result
[2016-04-06 09:37:38,329](INFO)loginMedia : 远程调用login_media成功
[2016-04-06 09:37:38,329](ERROR)loginMedia : 用户不存在
[2016-04-06 09:37:38,341](INFO)loginMedia : 退出judge_login_result
[2016-04-06 09:37:38,341](INFO)loginHandler : 退出loginHandler
[2016-04-06 09:37:38,414](INFO)hotMedia : 进入get_hot_media
[2016-04-06 09:37:38,437](INFO)hotMedia : 远程调用get_hot_media成功
[2016-04-06 09:37:38,437](INFO)hotMedia : 退出get_hot_media
[2016-04-06 09:37:38,437](INFO)mediaList : 进入get_media_list
[2016-04-06 09:37:38,451](INFO)mediaList : 远程调用get_media_list成功
[2016-04-06 09:37:38,453](INFO)mediaList : 退出get_media_list
[2016-04-06 09:37:38,453](INFO)homeHandler : None
[2016-04-06 09:37:38,453](INFO)homeHandler : 退出homeHandler,渲染hone.html完成
[2016-04-06 09:37:46,433](INFO)hotMedia : 进入get_hot_media
[2016-04-06 09:37:46,448](INFO)hotMedia : 远程调用get_hot_media成功
[2016-04-06 09:37:46,448](INFO)hotMedia : 退出get_hot_media
[2016-04-06 09:37:46,448](INFO)mediaList : 进入get_media_list
[2016-04-06 09:37:46,460](INFO)mediaList : 远程调用get_media_list成功
[2016-04-06 09:37:46,460](INFO)mediaList : 退出get_media_list
[2016-04-06 09:37:46,460](INFO)homeHandler : None
[2016-04-06 09:37:46,460](INFO)homeHandler : 退出homeHandler,渲染hone.html完成
[2016-04-06 13:58:03,558](INFO)loginHandler : 进入loginHandler
[2016-04-06 13:58:03,558](INFO)loginMedia : 进入judge_login_result
[2016-04-06 13:58:03,855](INFO)loginMedia : 远程调用login_media成功
[2016-04-06 13:58:03,855](ERROR)loginMedia : 用户不存在
[2016-04-06 13:58:03,855](INFO)loginMedia : 退出judge_login_result
[2016-04-06 13:58:03,855](INFO)loginHandler : 退出loginHandler
[2016-04-06 13:58:03,867](INFO)hotMedia : 进入get_hot_media
[2016-04-06 13:58:03,871](INFO)hotMedia : 远程调用get_hot_media成功
[2016-04-06 13:58:03,871](INFO)hotMedia : 退出get_hot_media
[2016-04-06 13:58:03,871](INFO)mediaList : 进入get_media_list
[2016-04-06 13:58:03,881](INFO)mediaList : 远程调用get_media_list成功
[2016-04-06 13:58:03,881](INFO)mediaList : 退出get_media_list
[2016-04-06 13:58:03,881](INFO)homeHandler : None
[2016-04-06 13:58:03,881](INFO)homeHandler : 退出homeHandler,渲染hone.html完成
[2016-04-06 13:58:37,256](INFO)loginHandler : 进入loginHandler
[2016-04-06 13:58:37,256](INFO)loginMedia : 进入judge_login_result
[2016-04-06 13:58:37,263](INFO)loginMedia : 远程调用login_media成功
[2016-04-06 13:58:37,263](INFO)loginMedia : 退出judge_login_result
[2016-04-06 13:58:37,302](INFO)loginHandler : 2
[2016-04-06 13:58:37,302](INFO)loginHandler : admin
[2016-04-06 13:58:37,302](INFO)loginHandler : 退出loginHandler
[2016-04-06 13:58:37,312](INFO)hotMedia : 进入get_hot_media
[2016-04-06 13:58:37,318](INFO)hotMedia : 远程调用get_hot_media成功
[2016-04-06 13:58:37,318](INFO)hotMedia : 退出get_hot_media
[2016-04-06 13:58:37,318](INFO)mediaList : 进入get_media_list
[2016-04-06 13:58:37,323](INFO)mediaList : 远程调用get_media_list成功
[2016-04-06 13:58:37,325](INFO)mediaList : 退出get_media_list
[2016-04-06 13:58:37,325](INFO)homeHandler : 2
[2016-04-06 13:58:37,325](INFO)homeHandler : 退出homeHandler,渲染hone.html完成
[2016-04-06 13:58:42,907](INFO)contentHandler : 进入contentHandler
[2016-04-06 13:58:42,907](INFO)mediaContent : 进入get_media_content
[2016-04-06 13:58:43,256](INFO)mediaContent : 远程调用get_media_content成功
[2016-04-06 13:58:43,256](INFO)mediaContent : 退出get_media_content
[2016-04-06 13:58:43,256](INFO)contentHandler : 退出contentHandler,渲染media/content.html页面完成
